Removed Pin From Net: NetName=NetP1_1 Pin=Q?-1
Removed Pin From Net: NetName=NetQ3_3 Pin=Q?-2
Removed Pin From Net: NetName=NetP2_1 Pin=Q?-3
Removed Pin From Net: NetName=NetP_1 Pin=Q?-3
Change Component Footprint: Designator=Q? Old Footprint=TO-264-AA New Footprint=TO-226-AA
Change Component Comment : Designator=Q? Old Comment=IGBT-P New Comment=NPN
Change Component Designator: OldDesignator=Q? NewDesignator=Q
Change component parameters: Designator = "Q?" ("Q?"); Footprint = "TO-264-AA"; UniqueID = "\OQTFWGVP" ("\OQTFWGVP")
Change component parameters (AddParameter): Name = "Code_JEDEC"; Value = "TO-226-AA"; VariantName = "[No Variations]"
Change component parameters (AddParameter): Name = "LatestRevisionDate"; Value = "17-Jul-2002"; VariantName = "[No Variations]"
Change component parameters (AddParameter): Name = "LatestRevisionNote"; Value = "Re-released for DXP Platform."; VariantName = "[No Variations]"
Change component parameters (AddParameter): Name = "PackageDescription"; Value = "TO, Flat Index; 3 In-Line, Axial Leads; Body Dia. 4.8mm; Leads 0.55 x 0.51 mm (max)"; VariantName = "[No Variations]"
Change component parameters (AddParameter): Name = "PackageReference"; Value = "TO-226-AA"; VariantName = "[No Variations]"
Change component parameters (AddParameter): Name = "Published"; Value = "8-Jun-2000"; VariantName = "[No Variations]"
Change component parameters (AddParameter): Name = "Publisher"; Value = "Altium Limited"; VariantName = "[No Variations]"
Added Component: Designator=Q4(TO-226-AA)
Add component (AddParameter): Name = "Code_JEDEC"; Value = "TO-226-AA"; VariantName = "[No Variations]"
Add component (AddParameter): Name = "LatestRevisionDate"; Value = "17-Jul-2002"; VariantName = "[No Variations]"
Add component (AddParameter): Name = "LatestRevisionNote"; Value = "Re-released for DXP Platform."; VariantName = "[No Variations]"
Add component (AddParameter): Name = "PackageDescription"; Value = "TO, Flat Index; 3 In-Line, Axial Leads; Body Dia. 4.8mm; Leads 0.55 x 0.51 mm (max)"; VariantName = "[No Variations]"
Add component (AddParameter): Name = "PackageReference"; Value = "TO-226-AA"; VariantName = "[No Variations]"
Add component (AddParameter): Name = "Published"; Value = "8-Jun-2000"; VariantName = "[No Variations]"
Add component (AddParameter): Name = "Publisher"; Value = "Altium Limited"; VariantName = "[No Variations]"
Added Pin To Net: NetName=NetP2_1 Pin=Q4-1
Added Pin To Net: NetName=NetQ3_3 Pin=Q4-2
Added Pin To Net: NetName=NetP_1 Pin=Q4-3
Added Pin To Net: NetName=NetP1_1 Pin=Q-3
Added Pin To Net: NetName=NetQ1_3 Pin=Q-2
Added Pin To Net: NetName=NetQ1_3 Pin=Q1-3
Added Net: Name=NetQ1_3
Added Member To Class: ClassName=Sheet1 Member=Component Q4 NPN
